<?xml version="1.0" encoding="utf-8"?>
<shfbBuild product="Sandcastle Help File Builder" version="1.9.7.0" projectFile="c:\users\georgi\documents\visual studio 2012\Projects\SupportExam\DequeImplementation-Documentation\DequeImplementation-Documentation.shfbproj" started="8/12/2013 7:02:16 PM">
<buildStep step="Initializing">
Finding tools...
Found Sandcastle tools in &#39;C:\Program Files (x86)\Sandcastle\&#39;
Searching for HTML Help 1 compiler...
Found HTML Help 1 compiler in &#39;C:\Program Files (x86)\HTML Help Workshop\&#39;
</buildStep>
<buildStep step="ValidatingDocumentationSources">
Validating and copying documentation source information
Source: c:\users\georgi\documents\visual studio 2012\Projects\SupportExam\Deque\bin\Debug\Deque.exe
    Found assembly &#39;c:\users\georgi\documents\visual studio 2012\Projects\SupportExam\Deque\bin\Debug\Deque.exe&#39;
Source: c:\users\georgi\documents\visual studio 2012\Projects\SupportExam\Deque\bin\Debug\Deque.xml

Copying XML comments files
    c:\users\georgi\documents\visual studio 2012\Projects\SupportExam\Deque\bin\Debug\Deque.XML -&gt; c:\users\georgi\documents\visual studio 2012\Projects\SupportExam\DequeImplementation-Documentation\Help\Working\Deque.XML
</buildStep>
<buildStep step="GenerateSharedContent">
Generating shared content files (en-US, English (United States))...
    Last step completed in 00:00:00.0050
</buildStep>
<buildStep step="GenerateApiFilter">
Generating API filter for MRefBuilder...
    Last step completed in 00:00:00.0000
</buildStep>
<buildStep step="GenerateReflectionInfo">
Generating reflection information...
[C:\Windows\Microsoft.NET\Framework\v4.0.30319\MSBuild.exe]
  MRefBuilder (v2.7.3.0)
  Copyright c 2006-2013, Microsoft Corporation, All Rights Reserved.
  Portions Copyright c 2006-2013, Eric Woodruff, All Rights Reserved.
  Info: Loaded 1 assemblies for reflection and 1 dependency assemblies.
  Info: Wrote information on 1 namespaces, 2 types, and 19 members
  XslTransform (v2.7.3.0)
  Copyright c 2006-2013, Microsoft Corporation, All Rights Reserved.
  Portions Copyright c 2006-2013, Eric Woodruff, All Rights Reserved.
  Info: Applying XSL transformation &#39;C:\Program Files (x86)\Sandcastle\ProductionTransforms\MergeDuplicates.xsl&#39;.
    Last step completed in 00:00:01.5191
</buildStep>
<buildStep step="GenerateNamespaceSummaries">
Generating namespace summary information...
    Last step completed in 00:00:00.0000
</buildStep>
<buildStep step="ApplyVisibilityProperties">
Applying visibility properties to reflection information file
    0 attribute nodes removed
    0 explicit interface implementations removed
    0 local and base class EII elements removed
    Last step completed in 00:00:00.1950
</buildStep>
<buildStep step="TransformReflectionInfo">
Transforming reflection output...
[C:\Windows\Microsoft.NET\Framework\v4.0.30319\MSBuild.exe]
  XslTransform (v2.7.3.0)
  Copyright c 2006-2013, Microsoft Corporation, All Rights Reserved.
  Portions Copyright c 2006-2013, Eric Woodruff, All Rights Reserved.
  Info: Applying XSL transformation &#39;C:\Program Files (x86)\Sandcastle\\ProductionTransforms\ApplyVSDocModel.xsl&#39;.
  Info: Applying XSL transformation &#39;C:\Program Files (x86)\Sandcastle\ProductionTransforms\AddGuidFilenames.xsl&#39;.
  XslTransform (v2.7.3.0)
  Copyright c 2006-2013, Microsoft Corporation, All Rights Reserved.
  Portions Copyright c 2006-2013, Eric Woodruff, All Rights Reserved.
  Info: Applying XSL transformation &#39;C:\Program Files (x86)\Sandcastle\ProductionTransforms\ReflectionToManifest.xsl&#39;.
    Last step completed in 00:00:01.1131
</buildStep>
<buildStep step="ModifyHelpTopicFilenames">
Modifying help topic filenames in reflection information file
    No changes required
    Last step completed in 00:00:00.0030
</buildStep>
<buildStep step="CopyStandardContent">
Copying standard help content...
C:\Program Files (x86)\Sandcastle\\Presentation\VS2005\icons\adm.gif -&gt; c:\users\georgi\documents\visual studio 2012\Projects\SupportExam\DequeImplementation-Documentation\Help\Working\Output\HtmlHelp1\icons\adm.gif
C:\Program Files (x86)\Sandcastle\\Presentation\VS2005\icons\adm_arch.gif -&gt; c:\users\georgi\documents\visual studio 2012\Projects\SupportExam\DequeImplementation-Documentation\Help\Working\Output\HtmlHelp1\icons\adm_arch.gif
C:\Program Files (x86)\Sandcastle\\Presentation\VS2005\icons\adm_dev.gif -&gt; c:\users\georgi\documents\visual studio 2012\Projects\SupportExam\DequeImplementation-Documentation\Help\Working\Output\HtmlHelp1\icons\adm_dev.gif
C:\Program Files (x86)\Sandcastle\\Presentation\VS2005\icons\adm_dev_arch.gif -&gt; c:\users\georgi\documents\visual studio 2012\Projects\SupportExam\DequeImplementation-Documentation\Help\Working\Output\HtmlHelp1\icons\adm_dev_arch.gif
C:\Program Files (x86)\Sandcastle\\Presentation\VS2005\icons\alert_caution.gif -&gt; c:\users\georgi\documents\visual studio 2012\Projects\SupportExam\DequeImplementation-Documentation\Help\Working\Output\HtmlHelp1\icons\alert_caution.gif
C:\Program Files (x86)\Sandcastle\\Presentation\VS2005\icons\alert_note.gif -&gt; c:\users\georgi\documents\visual studio 2012\Projects\SupportExam\DequeImplementation-Documentation\Help\Working\Output\HtmlHelp1\icons\alert_note.gif
C:\Program Files (x86)\Sandcastle\\Presentation\VS2005\icons\alert_security.gif -&gt; c:\users\georgi\documents\visual studio 2012\Projects\SupportExam\DequeImplementation-Documentation\Help\Working\Output\HtmlHelp1\icons\alert_security.gif
C:\Program Files (x86)\Sandcastle\\Presentation\VS2005\icons\arch.gif -&gt; c:\users\georgi\documents\visual studio 2012\Projects\SupportExam\DequeImplementation-Documentation\Help\Working\Output\HtmlHelp1\icons\arch.gif
C:\Program Files (x86)\Sandcastle\\Presentation\VS2005\icons\big_adm.gif -&gt; c:\users\georgi\documents\visual studio 2012\Projects\SupportExam\DequeImplementation-Documentation\Help\Working\Output\HtmlHelp1\icons\big_adm.gif
C:\Program Files (x86)\Sandcastle\\Presentation\VS2005\icons\big_arch.gif -&gt; c:\users\georgi\documents\visual studio 2012\Projects\SupportExam\DequeImplementation-Documentation\Help\Working\Output\HtmlHelp1\icons\big_arch.gif
C:\Program Files (x86)\Sandcastle\\Presentation\VS2005\icons\big_dev.gif -&gt; c:\users\georgi\documents\visual studio 2012\Projects\SupportExam\DequeImplementation-Documentation\Help\Working\Output\HtmlHelp1\icons\big_dev.gif
C:\Program Files (x86)\Sandcastle\\Presentation\VS2005\icons\big_kw.gif -&gt; c:\users\georgi\documents\visual studio 2012\Projects\SupportExam\DequeImplementation-Documentation\Help\Working\Output\HtmlHelp1\icons\big_kw.gif
C:\Program Files (x86)\Sandcastle\\Presentation\VS2005\icons\box.gif -&gt; c:\users\georgi\documents\visual studio 2012\Projects\SupportExam\DequeImplementation-Documentation\Help\Working\Output\HtmlHelp1\icons\box.gif
C:\Program Files (x86)\Sandcastle\\Presentation\VS2005\icons\Caution.gif -&gt; c:\users\georgi\documents\visual studio 2012\Projects\SupportExam\DequeImplementation-Documentation\Help\Working\Output\HtmlHelp1\icons\Caution.gif
C:\Program Files (x86)\Sandcastle\\Presentation\VS2005\icons\CFW.gif -&gt; c:\users\georgi\documents\visual studio 2012\Projects\SupportExam\DequeImplementation-Documentation\Help\Working\Output\HtmlHelp1\icons\CFW.gif
C:\Program Files (x86)\Sandcastle\\Presentation\VS2005\icons\collall.gif -&gt; c:\users\georgi\documents\visual studio 2012\Projects\SupportExam\DequeImplementation-Documentation\Help\Working\Output\HtmlHelp1\icons\collall.gif
C:\Program Files (x86)\Sandcastle\\Presentation\VS2005\icons\collapse.gif -&gt; c:\users\georgi\documents\visual studio 2012\Projects\SupportExam\DequeImplementation-Documentation\Help\Working\Output\HtmlHelp1\icons\collapse.gif
C:\Program Files (x86)\Sandcastle\\Presentation\VS2005\icons\collapse_all.gif -&gt; c:\users\georgi\documents\visual studio 2012\Projects\SupportExam\DequeImplementation-Documentation\Help\Working\Output\HtmlHelp1\icons\collapse_all.gif
C:\Program Files (x86)\Sandcastle\\Presentation\VS2005\icons\copycode.gif -&gt; c:\users\georgi\documents\visual studio 2012\Projects\SupportExam\DequeImplementation-Documentation\Help\Working\Output\HtmlHelp1\icons\copycode.gif
C:\Program Files (x86)\Sandcastle\\Presentation\VS2005\icons\copycodeHighlight.gif -&gt; c:\users\georgi\documents\visual studio 2012\Projects\SupportExam\DequeImplementation-Documentation\Help\Working\Output\HtmlHelp1\icons\copycodeHighlight.gif
C:\Program Files (x86)\Sandcastle\\Presentation\VS2005\icons\dev.gif -&gt; c:\users\georgi\documents\visual studio 2012\Projects\SupportExam\DequeImplementation-Documentation\Help\Working\Output\HtmlHelp1\icons\dev.gif
C:\Program Files (x86)\Sandcastle\\Presentation\VS2005\icons\dev_arch.gif -&gt; c:\users\georgi\documents\visual studio 2012\Projects\SupportExam\DequeImplementation-Documentation\Help\Working\Output\HtmlHelp1\icons\dev_arch.gif
C:\Program Files (x86)\Sandcastle\\Presentation\VS2005\icons\dropdown.gif -&gt; c:\users\georgi\documents\visual studio 2012\Projects\SupportExam\DequeImplementation-Documentation\Help\Working\Output\HtmlHelp1\icons\dropdown.gif
C:\Program Files (x86)\Sandcastle\\Presentation\VS2005\icons\dropdownHover.gif -&gt; c:\users\georgi\documents\visual studio 2012\Projects\SupportExam\DequeImplementation-Documentation\Help\Working\Output\HtmlHelp1\icons\dropdownHover.gif
C:\Program Files (x86)\Sandcastle\\Presentation\VS2005\icons\drpdown.gif -&gt; c:\users\georgi\documents\visual studio 2012\Projects\SupportExam\DequeImplementation-Documentation\Help\Working\Output\HtmlHelp1\icons\drpdown.gif
C:\Program Files (x86)\Sandcastle\\Presentation\VS2005\icons\drpdown_orange.gif -&gt; c:\users\georgi\documents\visual studio 2012\Projects\SupportExam\DequeImplementation-Documentation\Help\Working\Output\HtmlHelp1\icons\drpdown_orange.gif
C:\Program Files (x86)\Sandcastle\\Presentation\VS2005\icons\drpdown_orange_up.gif -&gt; c:\users\georgi\documents\visual studio 2012\Projects\SupportExam\DequeImplementation-Documentation\Help\Working\Output\HtmlHelp1\icons\drpdown_orange_up.gif
C:\Program Files (x86)\Sandcastle\\Presentation\VS2005\icons\drpup.gif -&gt; c:\users\georgi\documents\visual studio 2012\Projects\SupportExam\DequeImplementation-Documentation\Help\Working\Output\HtmlHelp1\icons\drpup.gif
C:\Program Files (x86)\Sandcastle\\Presentation\VS2005\icons\exp.gif -&gt; c:\users\georgi\documents\visual studio 2012\Projects\SupportExam\DequeImplementation-Documentation\Help\Working\Output\HtmlHelp1\icons\exp.gif
C:\Program Files (x86)\Sandcastle\\Presentation\VS2005\icons\expall.gif -&gt; c:\users\georgi\documents\visual studio 2012\Projects\SupportExam\DequeImplementation-Documentation\Help\Working\Output\HtmlHelp1\icons\expall.gif
C:\Program Files (x86)\Sandcastle\\Presentation\VS2005\icons\expand_all.gif -&gt; c:\users\georgi\documents\visual studio 2012\Projects\SupportExam\DequeImplementation-Documentation\Help\Working\Output\HtmlHelp1\icons\expand_all.gif
C:\Program Files (x86)\Sandcastle\\Presentation\VS2005\icons\filter1a.gif -&gt; c:\users\georgi\documents\visual studio 2012\Projects\SupportExam\DequeImplementation-Documentation\Help\Working\Output\HtmlHelp1\icons\filter1a.gif
C:\Program Files (x86)\Sandcastle\\Presentation\VS2005\icons\filter1c.gif -&gt; c:\users\georgi\documents\visual studio 2012\Projects\SupportExam\DequeImplementation-Documentation\Help\Working\Output\HtmlHelp1\icons\filter1c.gif
C:\Program Files (x86)\Sandcastle\\Presentation\VS2005\icons\footer.gif -&gt; c:\users\georgi\documents\visual studio 2012\Projects\SupportExam\DequeImplementation-Documentation\Help\Working\Output\HtmlHelp1\icons\footer.gif
C:\Program Files (x86)\Sandcastle\\Presentation\VS2005\icons\gradient.gif -&gt; c:\users\georgi\documents\visual studio 2012\Projects\SupportExam\DequeImplementation-Documentation\Help\Working\Output\HtmlHelp1\icons\gradient.gif
C:\Program Files (x86)\Sandcastle\\Presentation\VS2005\icons\greencheck.gif -&gt; c:\users\georgi\documents\visual studio 2012\Projects\SupportExam\DequeImplementation-Documentation\Help\Working\Output\HtmlHelp1\icons\greencheck.gif
C:\Program Files (x86)\Sandcastle\\Presentation\VS2005\icons\greychck.gif -&gt; c:\users\georgi\documents\visual studio 2012\Projects\SupportExam\DequeImplementation-Documentation\Help\Working\Output\HtmlHelp1\icons\greychck.gif
C:\Program Files (x86)\Sandcastle\\Presentation\VS2005\icons\header_prev_next.jpg -&gt; c:\users\georgi\documents\visual studio 2012\Projects\SupportExam\DequeImplementation-Documentation\Help\Working\Output\HtmlHelp1\icons\header_prev_next.jpg
C:\Program Files (x86)\Sandcastle\\Presentation\VS2005\icons\header_sql_tutorial_blank.jpg -&gt; c:\users\georgi\documents\visual studio 2012\Projects\SupportExam\DequeImplementation-Documentation\Help\Working\Output\HtmlHelp1\icons\header_sql_tutorial_blank.jpg
C:\Program Files (x86)\Sandcastle\\Presentation\VS2005\icons\header_sql_tutorial_logo.GIF -&gt; c:\users\georgi\documents\visual studio 2012\Projects\SupportExam\DequeImplementation-Documentation\Help\Working\Output\HtmlHelp1\icons\header_sql_tutorial_logo.GIF
C:\Program Files (x86)\Sandcastle\\Presentation\VS2005\icons\kw.gif -&gt; c:\users\georgi\documents\visual studio 2012\Projects\SupportExam\DequeImplementation-Documentation\Help\Working\Output\HtmlHelp1\icons\kw.gif
C:\Program Files (x86)\Sandcastle\\Presentation\VS2005\icons\kw_adm.gif -&gt; c:\users\georgi\documents\visual studio 2012\Projects\SupportExam\DequeImplementation-Documentation\Help\Working\Output\HtmlHelp1\icons\kw_adm.gif
C:\Program Files (x86)\Sandcastle\\Presentation\VS2005\icons\kw_adm_arch.gif -&gt; c:\users\georgi\documents\visual studio 2012\Projects\SupportExam\DequeImplementation-Documentation\Help\Working\Output\HtmlHelp1\icons\kw_adm_arch.gif
C:\Program Files (x86)\Sandcastle\\Presentation\VS2005\icons\kw_adm_dev.gif -&gt; c:\users\georgi\documents\visual studio 2012\Projects\SupportExam\DequeImplementation-Documentation\Help\Working\Output\HtmlHelp1\icons\kw_adm_dev.gif
C:\Program Files (x86)\Sandcastle\\Presentation\VS2005\icons\kw_adm_dev_arch.gif -&gt; c:\users\georgi\documents\visual studio 2012\Projects\SupportExam\DequeImplementation-Documentation\Help\Working\Output\HtmlHelp1\icons\kw_adm_dev_arch.gif
C:\Program Files (x86)\Sandcastle\\Presentation\VS2005\icons\kw_arch.gif -&gt; c:\users\georgi\documents\visual studio 2012\Projects\SupportExam\DequeImplementation-Documentation\Help\Working\Output\HtmlHelp1\icons\kw_arch.gif
C:\Program Files (x86)\Sandcastle\\Presentation\VS2005\icons\kw_dev.gif -&gt; c:\users\georgi\documents\visual studio 2012\Projects\SupportExam\DequeImplementation-Documentation\Help\Working\Output\HtmlHelp1\icons\kw_dev.gif
C:\Program Files (x86)\Sandcastle\\Presentation\VS2005\icons\kw_dev_arch.gif -&gt; c:\users\georgi\documents\visual studio 2012\Projects\SupportExam\DequeImplementation-Documentation\Help\Working\Output\HtmlHelp1\icons\kw_dev_arch.gif
C:\Program Files (x86)\Sandcastle\\Presentation\VS2005\icons\LastChild.gif -&gt; c:\users\georgi\documents\visual studio 2012\Projects\SupportExam\DequeImplementation-Documentation\Help\Working\Output\HtmlHelp1\icons\LastChild.gif
C:\Program Files (x86)\Sandcastle\\Presentation\VS2005\icons\load.gif -&gt; c:\users\georgi\documents\visual studio 2012\Projects\SupportExam\DequeImplementation-Documentation\Help\Working\Output\HtmlHelp1\icons\load.gif
C:\Program Files (x86)\Sandcastle\\Presentation\VS2005\icons\load_hover.gif -&gt; c:\users\georgi\documents\visual studio 2012\Projects\SupportExam\DequeImplementation-Documentation\Help\Working\Output\HtmlHelp1\icons\load_hover.gif
C:\Program Files (x86)\Sandcastle\\Presentation\VS2005\icons\note.gif -&gt; c:\users\georgi\documents\visual studio 2012\Projects\SupportExam\DequeImplementation-Documentation\Help\Working\Output\HtmlHelp1\icons\note.gif
C:\Program Files (x86)\Sandcastle\\Presentation\VS2005\icons\pencil.GIF -&gt; c:\users\georgi\documents\visual studio 2012\Projects\SupportExam\DequeImplementation-Documentation\Help\Working\Output\HtmlHelp1\icons\pencil.GIF
C:\Program Files (x86)\Sandcastle\\Presentation\VS2005\icons\privclass.gif -&gt; c:\users\georgi\documents\visual studio 2012\Projects\SupportExam\DequeImplementation-Documentation\Help\Working\Output\HtmlHelp1\icons\privclass.gif
C:\Program Files (x86)\Sandcastle\\Presentation\VS2005\icons\privdelegate.gif -&gt; c:\users\georgi\documents\visual studio 2012\Projects\SupportExam\DequeImplementation-Documentation\Help\Working\Output\HtmlHelp1\icons\privdelegate.gif
C:\Program Files (x86)\Sandcastle\\Presentation\VS2005\icons\privenum.gif -&gt; c:\users\georgi\documents\visual studio 2012\Projects\SupportExam\DequeImplementation-Documentation\Help\Working\Output\HtmlHelp1\icons\privenum.gif
C:\Program Files (x86)\Sandcastle\\Presentation\VS2005\icons\privenumeration.gif -&gt; c:\users\georgi\documents\visual studio 2012\Projects\SupportExam\DequeImplementation-Documentation\Help\Working\Output\HtmlHelp1\icons\privenumeration.gif
C:\Program Files (x86)\Sandcastle\\Presentation\VS2005\icons\privevent.gif -&gt; c:\users\georgi\documents\visual studio 2012\Projects\SupportExam\DequeImplementation-Documentation\Help\Working\Output\HtmlHelp1\icons\privevent.gif
C:\Program Files (x86)\Sandcastle\\Presentation\VS2005\icons\privextension.gif -&gt; c:\users\georgi\documents\visual studio 2012\Projects\SupportExam\DequeImplementation-Documentation\Help\Working\Output\HtmlHelp1\icons\privextension.gif
C:\Program Files (x86)\Sandcastle\\Presentation\VS2005\icons\privfield.gif -&gt; c:\users\georgi\documents\visual studio 2012\Projects\SupportExam\DequeImplementation-Documentation\Help\Working\Output\HtmlHelp1\icons\privfield.gif
C:\Program Files (x86)\Sandcastle\\Presentation\VS2005\icons\privinterface.gif -&gt; c:\users\georgi\documents\visual studio 2012\Projects\SupportExam\DequeImplementation-Documentation\Help\Working\Output\HtmlHelp1\icons\privinterface.gif
C:\Program Files (x86)\Sandcastle\\Presentation\VS2005\icons\privmethod.gif -&gt; c:\users\georgi\documents\visual studio 2012\Projects\SupportExam\DequeImplementation-Documentation\Help\Working\Output\HtmlHelp1\icons\privmethod.gif
C:\Program Files (x86)\Sandcastle\\Presentation\VS2005\icons\privproperty.gif -&gt; c:\users\georgi\documents\visual studio 2012\Projects\SupportExam\DequeImplementation-Documentation\Help\Working\Output\HtmlHelp1\icons\privproperty.gif
C:\Program Files (x86)\Sandcastle\\Presentation\VS2005\icons\privstructure.gif -&gt; c:\users\georgi\documents\visual studio 2012\Projects\SupportExam\DequeImplementation-Documentation\Help\Working\Output\HtmlHelp1\icons\privstructure.gif
C:\Program Files (x86)\Sandcastle\\Presentation\VS2005\icons\protclass.gif -&gt; c:\users\georgi\documents\visual studio 2012\Projects\SupportExam\DequeImplementation-Documentation\Help\Working\Output\HtmlHelp1\icons\protclass.gif
C:\Program Files (x86)\Sandcastle\\Presentation\VS2005\icons\protdelegate.gif -&gt; c:\users\georgi\documents\visual studio 2012\Projects\SupportExam\DequeImplementation-Documentation\Help\Working\Output\HtmlHelp1\icons\protdelegate.gif
C:\Program Files (x86)\Sandcastle\\Presentation\VS2005\icons\protenum.gif -&gt; c:\users\georgi\documents\visual studio 2012\Projects\SupportExam\DequeImplementation-Documentation\Help\Working\Output\HtmlHelp1\icons\protenum.gif
C:\Program Files (x86)\Sandcastle\\Presentation\VS2005\icons\protenumeration.gif -&gt; c:\users\georgi\documents\visual studio 2012\Projects\SupportExam\DequeImplementation-Documentation\Help\Working\Output\HtmlHelp1\icons\protenumeration.gif
C:\Program Files (x86)\Sandcastle\\Presentation\VS2005\icons\protevent.gif -&gt; c:\users\georgi\documents\visual studio 2012\Projects\SupportExam\DequeImplementation-Documentation\Help\Working\Output\HtmlHelp1\icons\protevent.gif
C:\Program Files (x86)\Sandcastle\\Presentation\VS2005\icons\protextension.gif -&gt; c:\users\georgi\documents\visual studio 2012\Projects\SupportExam\DequeImplementation-Documentation\Help\Working\Output\HtmlHelp1\icons\protextension.gif
C:\Program Files (x86)\Sandcastle\\Presentation\VS2005\icons\protfield.gif -&gt; c:\users\georgi\documents\visual studio 2012\Projects\SupportExam\DequeImplementation-Documentation\Help\Working\Output\HtmlHelp1\icons\protfield.gif
C:\Program Files (x86)\Sandcastle\\Presentation\VS2005\icons\protinterface.gif -&gt; c:\users\georgi\documents\visual studio 2012\Projects\SupportExam\DequeImplementation-Documentation\Help\Working\Output\HtmlHelp1\icons\protinterface.gif
C:\Program Files (x86)\Sandcastle\\Presentation\VS2005\icons\protmethod.gif -&gt; c:\users\georgi\documents\visual studio 2012\Projects\SupportExam\DequeImplementation-Documentation\Help\Working\Output\HtmlHelp1\icons\protmethod.gif
C:\Program Files (x86)\Sandcastle\\Presentation\VS2005\icons\protoperator.gif -&gt; c:\users\georgi\documents\visual studio 2012\Projects\SupportExam\DequeImplementation-Documentation\Help\Working\Output\HtmlHelp1\icons\protoperator.gif
C:\Program Files (x86)\Sandcastle\\Presentation\VS2005\icons\protproperty.gif -&gt; c:\users\georgi\documents\visual studio 2012\Projects\SupportExam\DequeImplementation-Documentation\Help\Working\Output\HtmlHelp1\icons\protproperty.gif
C:\Program Files (x86)\Sandcastle\\Presentation\VS2005\icons\protstructure.gif -&gt; c:\users\georgi\documents\visual studio 2012\Projects\SupportExam\DequeImplementation-Documentation\Help\Working\Output\HtmlHelp1\icons\protstructure.gif
C:\Program Files (x86)\Sandcastle\\Presentation\VS2005\icons\pubclass.gif -&gt; c:\users\georgi\documents\visual studio 2012\Projects\SupportExam\DequeImplementation-Documentation\Help\Working\Output\HtmlHelp1\icons\pubclass.gif
C:\Program Files (x86)\Sandcastle\\Presentation\VS2005\icons\pubdelegate.gif -&gt; c:\users\georgi\documents\visual studio 2012\Projects\SupportExam\DequeImplementation-Documentation\Help\Working\Output\HtmlHelp1\icons\pubdelegate.gif
C:\Program Files (x86)\Sandcastle\\Presentation\VS2005\icons\pubenum.gif -&gt; c:\users\georgi\documents\visual studio 2012\Projects\SupportExam\DequeImplementation-Documentation\Help\Working\Output\HtmlHelp1\icons\pubenum.gif
C:\Program Files (x86)\Sandcastle\\Presentation\VS2005\icons\pubenumeration.gif -&gt; c:\users\georgi\documents\visual studio 2012\Projects\SupportExam\DequeImplementation-Documentation\Help\Working\Output\HtmlHelp1\icons\pubenumeration.gif
C:\Program Files (x86)\Sandcastle\\Presentation\VS2005\icons\pubevent.gif -&gt; c:\users\georgi\documents\visual studio 2012\Projects\SupportExam\DequeImplementation-Documentation\Help\Working\Output\HtmlHelp1\icons\pubevent.gif
C:\Program Files (x86)\Sandcastle\\Presentation\VS2005\icons\pubextension.gif -&gt; c:\users\georgi\documents\visual studio 2012\Projects\SupportExam\DequeImplementation-Documentation\Help\Working\Output\HtmlHelp1\icons\pubextension.gif
C:\Program Files (x86)\Sandcastle\\Presentation\VS2005\icons\pubfield.gif -&gt; c:\users\georgi\documents\visual studio 2012\Projects\SupportExam\DequeImplementation-Documentation\Help\Working\Output\HtmlHelp1\icons\pubfield.gif
C:\Program Files (x86)\Sandcastle\\Presentation\VS2005\icons\pubinterface.gif -&gt; c:\users\georgi\documents\visual studio 2012\Projects\SupportExam\DequeImplementation-Documentation\Help\Working\Output\HtmlHelp1\icons\pubinterface.gif
C:\Program Files (x86)\Sandcastle\\Presentation\VS2005\icons\pubmethod.gif -&gt; c:\users\georgi\documents\visual studio 2012\Projects\SupportExam\DequeImplementation-Documentation\Help\Working\Output\HtmlHelp1\icons\pubmethod.gif
C:\Program Files (x86)\Sandcastle\\Presentation\VS2005\icons\puboperator.gif -&gt; c:\users\georgi\documents\visual studio 2012\Projects\SupportExam\DequeImplementation-Documentation\Help\Working\Output\HtmlHelp1\icons\puboperator.gif
C:\Program Files (x86)\Sandcastle\\Presentation\VS2005\icons\pubproperty.gif -&gt; c:\users\georgi\documents\visual studio 2012\Projects\SupportExam\DequeImplementation-Documentation\Help\Working\Output\HtmlHelp1\icons\pubproperty.gif
C:\Program Files (x86)\Sandcastle\\Presentation\VS2005\icons\pubstructure.gif -&gt; c:\users\georgi\documents\visual studio 2012\Projects\SupportExam\DequeImplementation-Documentation\Help\Working\Output\HtmlHelp1\icons\pubstructure.gif
C:\Program Files (x86)\Sandcastle\\Presentation\VS2005\icons\requirements1a.gif -&gt; c:\users\georgi\documents\visual studio 2012\Projects\SupportExam\DequeImplementation-Documentation\Help\Working\Output\HtmlHelp1\icons\requirements1a.gif
C:\Program Files (x86)\Sandcastle\\Presentation\VS2005\icons\requirements1c.gif -&gt; c:\users\georgi\documents\visual studio 2012\Projects\SupportExam\DequeImplementation-Documentation\Help\Working\Output\HtmlHelp1\icons\requirements1c.gif
C:\Program Files (x86)\Sandcastle\\Presentation\VS2005\icons\save.gif -&gt; c:\users\georgi\documents\visual studio 2012\Projects\SupportExam\DequeImplementation-Documentation\Help\Working\Output\HtmlHelp1\icons\save.gif
C:\Program Files (x86)\Sandcastle\\Presentation\VS2005\icons\save_hover.gif -&gt; c:\users\georgi\documents\visual studio 2012\Projects\SupportExam\DequeImplementation-Documentation\Help\Working\Output\HtmlHelp1\icons\save_hover.gif
C:\Program Files (x86)\Sandcastle\\Presentation\VS2005\icons\security.gif -&gt; c:\users\georgi\documents\visual studio 2012\Projects\SupportExam\DequeImplementation-Documentation\Help\Working\Output\HtmlHelp1\icons\security.gif
C:\Program Files (x86)\Sandcastle\\Presentation\VS2005\icons\seealso1a.gif -&gt; c:\users\georgi\documents\visual studio 2012\Projects\SupportExam\DequeImplementation-Documentation\Help\Working\Output\HtmlHelp1\icons\seealso1a.gif
C:\Program Files (x86)\Sandcastle\\Presentation\VS2005\icons\seealso1c.gif -&gt; c:\users\georgi\documents\visual studio 2012\Projects\SupportExam\DequeImplementation-Documentation\Help\Working\Output\HtmlHelp1\icons\seealso1c.gif
C:\Program Files (x86)\Sandcastle\\Presentation\VS2005\icons\slMobile.gif -&gt; c:\users\georgi\documents\visual studio 2012\Projects\SupportExam\DequeImplementation-Documentation\Help\Working\Output\HtmlHelp1\icons\slMobile.gif
C:\Program Files (x86)\Sandcastle\\Presentation\VS2005\icons\static.gif -&gt; c:\users\georgi\documents\visual studio 2012\Projects\SupportExam\DequeImplementation-Documentation\Help\Working\Output\HtmlHelp1\icons\static.gif
C:\Program Files (x86)\Sandcastle\\Presentation\VS2005\icons\xna.gif -&gt; c:\users\georgi\documents\visual studio 2012\Projects\SupportExam\DequeImplementation-Documentation\Help\Working\Output\HtmlHelp1\icons\xna.gif
C:\Program Files (x86)\Sandcastle\\Presentation\VS2005\scripts\CheckboxMenu.js -&gt; c:\users\georgi\documents\visual studio 2012\Projects\SupportExam\DequeImplementation-Documentation\Help\Working\Output\HtmlHelp1\scripts\CheckboxMenu.js
C:\Program Files (x86)\Sandcastle\\Presentation\VS2005\scripts\CommonUtilities.js -&gt; c:\users\georgi\documents\visual studio 2012\Projects\SupportExam\DequeImplementation-Documentation\Help\Working\Output\HtmlHelp1\scripts\CommonUtilities.js
C:\Program Files (x86)\Sandcastle\\Presentation\VS2005\scripts\Dropdown.js -&gt; c:\users\georgi\documents\visual studio 2012\Projects\SupportExam\DequeImplementation-Documentation\Help\Working\Output\HtmlHelp1\scripts\Dropdown.js
C:\Program Files (x86)\Sandcastle\\Presentation\VS2005\scripts\EventUtilities.js -&gt; c:\users\georgi\documents\visual studio 2012\Projects\SupportExam\DequeImplementation-Documentation\Help\Working\Output\HtmlHelp1\scripts\EventUtilities.js
C:\Program Files (x86)\Sandcastle\\Presentation\VS2005\scripts\script_feedBack.js -&gt; c:\users\georgi\documents\visual studio 2012\Projects\SupportExam\DequeImplementation-Documentation\Help\Working\Output\HtmlHelp1\scripts\script_feedBack.js
C:\Program Files (x86)\Sandcastle\\Presentation\VS2005\scripts\script_manifold.js -&gt; c:\users\georgi\documents\visual studio 2012\Projects\SupportExam\DequeImplementation-Documentation\Help\Working\Output\HtmlHelp1\scripts\script_manifold.js
C:\Program Files (x86)\Sandcastle\\Presentation\VS2005\scripts\SplitScreen.js -&gt; c:\users\georgi\documents\visual studio 2012\Projects\SupportExam\DequeImplementation-Documentation\Help\Working\Output\HtmlHelp1\scripts\SplitScreen.js
C:\Program Files (x86)\Sandcastle\\Presentation\VS2005\styles\Presentation.css -&gt; c:\users\georgi\documents\visual studio 2012\Projects\SupportExam\DequeImplementation-Documentation\Help\Working\Output\HtmlHelp1\styles\Presentation.css
C:\Program Files (x86)\Sandcastle\\Presentation\VS2005\styles\Whidbey\Presentation.css -&gt; c:\users\georgi\documents\visual studio 2012\Projects\SupportExam\DequeImplementation-Documentation\Help\Working\Output\HtmlHelp1\styles\Whidbey\Presentation.css
    Last step completed in 00:00:00.1250
</buildStep>
<buildStep step="CopyConceptualContent">
Copying conceptual content...
Copying standard token shared content file...
Checking for other token files...
Checking for code snippets files...
Copying images and creating the media map file...
Generating conceptual topic files
    Parsing topic file &#39;c:\users\georgi\documents\visual studio 2012\Projects\SupportExam\DequeImplementation-Documentation\Implementation.aml&#39;
    c:\users\georgi\documents\visual studio 2012\Projects\SupportExam\DequeImplementation-Documentation\Implementation.aml -&gt; c:\users\georgi\documents\visual studio 2012\Projects\SupportExam\DequeImplementation-Documentation\Help\Working\ddueXml\d02f6306-0035-40da-975c-722777dd326d.xml
    Parsing topic file &#39;c:\users\georgi\documents\visual studio 2012\Projects\SupportExam\DequeImplementation-Documentation\Contacts.aml&#39;
    c:\users\georgi\documents\visual studio 2012\Projects\SupportExam\DequeImplementation-Documentation\Contacts.aml -&gt; c:\users\georgi\documents\visual studio 2012\Projects\SupportExam\DequeImplementation-Documentation\Help\Working\ddueXml\a878fb31-afac-4a97-8937-a166746d76be.xml
    Parsing topic file &#39;c:\users\georgi\documents\visual studio 2012\Projects\SupportExam\DequeImplementation-Documentation\Usage.aml&#39;
    c:\users\georgi\documents\visual studio 2012\Projects\SupportExam\DequeImplementation-Documentation\Usage.aml -&gt; c:\users\georgi\documents\visual studio 2012\Projects\SupportExam\DequeImplementation-Documentation\Help\Working\ddueXml\593383c3-66f4-4893-bd71-660ad7ce8932.xml
    Last step completed in 00:00:00.0350
</buildStep>
<buildStep step="CreateConceptualTopicConfigs">
Creating conceptual topic configuration files...
    Companion files
    _ContentMetadata_.xml
    ConceptualManifest.xml
    Last step completed in 00:00:00.0040
</buildStep>
<buildStep step="CopyAdditionalContent">
Copying additional content files...
No additional content to copy
    Last step completed in 00:00:00.0010
</buildStep>
<buildStep step="MergeTablesOfContents">
Merging conceptual and additional tables of contents...
    Last step completed in 00:00:00.0000
</buildStep>
<buildStep step="GenerateIntermediateTableOfContents">
Generating intermediate table of contents file...
[C:\Windows\Microsoft.NET\Framework\v4.0.30319\MSBuild.exe]
  XslTransform (v2.7.3.0)
  Copyright c 2006-2013, Microsoft Corporation, All Rights Reserved.
  Portions Copyright c 2006-2013, Eric Woodruff, All Rights Reserved.
  Info: Applying XSL transformation &#39;C:\Program Files (x86)\Sandcastle\\ProductionTransforms\CreateVSToc.xsl&#39;.
Generating conceptual content intermediate TOC file...
    Last step completed in 00:00:00.4600
</buildStep>
<buildStep step="CreateBuildAssemblerConfigs">
Creating Sandcastle configuration files...
    sandcastle.config
    conceptual.config
    Last step completed in 00:00:00.1260
</buildStep>
<buildStep step="MergeCustomConfigs">
Merging custom build component configurations
c:\users\georgi\documents\visual studio 2012\Projects\SupportExam\DequeImplementation-Documentation\Help\Working\sandcastle.config
c:\users\georgi\documents\visual studio 2012\Projects\SupportExam\DequeImplementation-Documentation\Help\Working\conceptual.config
    Removing unused ExampleComponent.
    Last step completed in 00:00:00.3050
</buildStep>
<buildStep step="BuildConceptualTopics">
Building conceptual help topics...
[C:\Windows\Microsoft.NET\Framework\v4.0.30319\MSBuild.exe]
  BuildAssembler (v2.7.3.0)
  Copyright c 2006-2013, Microsoft Corporation, All Rights Reserved.
  Portions Copyright c 2006-2013, Eric Woodruff, All Rights Reserved.
  Info: Loading configuration...
  Info: Processing topics...
  Info: Processed 3 topic(s)
  Diagnostic: CopyFromIndexComponent: &quot;metadata&quot; in-memory cache entries used: 1 of 15.
    Last step completed in 00:00:05.4053
</buildStep>
<buildStep step="BuildReferenceTopics">
Building reference help topics...
[C:\Windows\Microsoft.NET\Framework\v4.0.30319\MSBuild.exe]
  BuildAssembler (v2.7.3.0)
  Copyright c 2006-2013, Microsoft Corporation, All Rights Reserved.
  Portions Copyright c 2006-2013, Eric Woodruff, All Rights Reserved.
  Info: Loading configuration...
  Info: Processing topics...
  Warn: ShowMissingComponent: [N:Deque] Missing &lt;summary&gt; documentation
  Warn: ShowMissingComponent: [M:Deque.Deque`1.Clear] Missing &lt;summary&gt; documentation
  Warn: ShowMissingComponent: [M:Deque.Deque`1.Contains(`0)] Missing &lt;summary&gt; documentation
  Warn: ShowMissingComponent: [M:Deque.Deque`1.Contains(`0)] Missing &lt;returns&gt; documentation
  Warn: ShowMissingComponent: [M:Deque.Deque`1.Contains(`0)] Missing &lt;param name=&quot;element&quot;/&gt; documentation
  Warn: ShowMissingComponent: [P:Deque.Deque`1.Count] Missing &lt;summary&gt; documentation
  Warn: ShowMissingComponent: [M:Deque.Deque`1.PeekFirst] Missing &lt;summary&gt; documentation
  Warn: ShowMissingComponent: [M:Deque.Deque`1.PeekFirst] Missing &lt;returns&gt; documentation
  Warn: ShowMissingComponent: [M:Deque.Deque`1.PeekLast] Missing &lt;summary&gt; documentation
  Warn: ShowMissingComponent: [M:Deque.Deque`1.PeekLast] Missing &lt;returns&gt; documentation
  Warn: ShowMissingComponent: [M:Deque.Deque`1.PopFirst] Missing &lt;summary&gt; documentation
  Warn: ShowMissingComponent: [M:Deque.Deque`1.PopFirst] Missing &lt;returns&gt; documentation
  Warn: ShowMissingComponent: [M:Deque.Deque`1.PopLast] Missing &lt;summary&gt; documentation
  Warn: ShowMissingComponent: [M:Deque.Deque`1.PopLast] Missing &lt;returns&gt; documentation
  Warn: ShowMissingComponent: [M:Deque.Deque`1.PushFirst(`0)] Missing &lt;summary&gt; documentation
  Warn: ShowMissingComponent: [M:Deque.Deque`1.PushFirst(`0)] Missing &lt;param name=&quot;element&quot;/&gt; documentation
  Warn: ShowMissingComponent: [M:Deque.Deque`1.PushLast(`0)] Missing &lt;summary&gt; documentation
  Warn: ShowMissingComponent: [M:Deque.Deque`1.PushLast(`0)] Missing &lt;param name=&quot;element&quot;/&gt; documentation
  Info: Processed 28 topic(s)
  Info: 18 warning(s)
  Diagnostic: CopyFromIndexComponent: &quot;reflection&quot; in-memory cache entries used: 2 of 15.
  Diagnostic: CopyFromIndexComponent: &quot;comments&quot; in-memory cache entries used: 2 of 30.
    Last step completed in 00:00:11.0146
</buildStep>
<buildStep step="CombiningIntermediateTocFiles">
Combining conceptual and API intermediate TOC files...
    Last step completed in 00:00:00.0010
</buildStep>
<buildStep step="ExtractingHtmlInfo">
Extracting HTML info for HTML Help 1 and/or website...
[C:\Windows\Microsoft.NET\Framework\v4.0.30319\MSBuild.exe]
Sandcastle Help File Builder, version 1.9.7.0
Copyright c 2006-2013, Eric Woodruff, All Rights Reserved
E-Mail: Eric@EWoodruff.us

Using LCID &#39;1033&#39;, code page &#39;65001&#39;, encoding charset &#39;UTF-8&#39;.

Processing Help 1 files in c:\users\georgi\documents\visual studio 2012\Projects\SupportExam\DequeImplementation-Documentation\Help\Working\Output\HtmlHelp1
Processed 31 HTML files
Sorting keywords and generating See Also indices
Saving HTML Help 1 keyword index to c:\users\georgi\documents\visual studio 2012\Projects\SupportExam\DequeImplementation-Documentation\Help\Working\DequeImplementation_Documentation.hhk
Saving HTML Help 1 table of contents to c:\users\georgi\documents\visual studio 2012\Projects\SupportExam\DequeImplementation-Documentation\Help\Working\DequeImplementation_Documentation.hhc
    Last step completed in 00:00:00.3230
</buildStep>
<buildStep step="GenerateHelpFormatTableOfContents">
Generating HTML Help 1 table of contents file...
    Last step completed in 00:00:00.0000
</buildStep>
<buildStep step="GenerateHelpFileIndex">
Generating HTML Help 1 index file...
    Last step completed in 00:00:00.0000
</buildStep>
<buildStep step="GenerateHelpProject">
Generating HTML Help 1 project file...
    Last step completed in 00:00:00.0050
</buildStep>
<buildStep step="CompilingHelpFile">
Compiling HTML Help 1 file...
[C:\Windows\Microsoft.NET\Framework\v4.0.30319\MSBuild.exe]
  Microsoft HTML Help Compiler 4.74.8702
  
  
  
  Compiling c:\users\georgi\documents\visual studio 2012\Projects\SupportExam\DequeImplementation-Documentation\Help\Working\Output\HtmlHelp1\DequeImplementation_Documentation.chm
  
  
  
  
  
  Compile time: 0 minutes, 0 seconds
  
  33	Topics
  
  433	Local links
  
  45	Internet links
  
  0	Graphics
  
  
  
  
  
  Created c:\users\georgi\documents\visual studio 2012\Projects\SupportExam\DequeImplementation-Documentation\Help\Working\Output\HtmlHelp1\DequeImplementation_Documentation.chm, 124,975 bytes
  
  Compression decreased file by 464,011 bytes.
  
    Last step completed in 00:00:01.0241
</buildStep>
<buildStep step="CleanIntermediates">
Removing intermediate files...
    Last step completed in 00:00:00.1820
</buildStep>
<buildStep step="Completed">

Build completed successfully at 08/12/2013 07:02 PM.  Total time: 00:00:22.1173

</buildStep>
</shfbBuild>
